0 info it worked if it ends with ok
1 verbose cli [ '/home/jose/v0.11.7/bin/node',
1 verbose cli   '/home/jose/v0.11.7/bin/npm',
1 verbose cli   'publish' ]
2 info using npm@1.3.8
3 info using node@v0.11.7
4 verbose publish [ '.' ]
5 verbose cache add [ '.', null ]
6 verbose cache add name=undefined spec="." args=[".",null]
7 verbose parsed url { protocol: null,
7 verbose parsed url   slashes: null,
7 verbose parsed url   auth: null,
7 verbose parsed url   host: null,
7 verbose parsed url   port: null,
7 verbose parsed url   hostname: null,
7 verbose parsed url   hash: null,
7 verbose parsed url   search: null,
7 verbose parsed url   query: null,
7 verbose parsed url   pathname: '.',
7 verbose parsed url   path: '.',
7 verbose parsed url   href: '.' }
8 silly lockFile 3a52ce78- .
9 verbose lock . /home/jose/.npm/3a52ce78-.lock
10 verbose tar pack [ '/home/jose/tmp/npm-22178-AcS07N9k/1397318104971-0.9703231991734356/tmp.tgz',
10 verbose tar pack   '.' ]
11 verbose tarball /home/jose/tmp/npm-22178-AcS07N9k/1397318104971-0.9703231991734356/tmp.tgz
12 verbose folder .
13 silly lockFile 1f1177db-tar tar://.
14 verbose lock tar://. /home/jose/.npm/1f1177db-tar.lock
15 silly lockFile a0caf646-04971-0-9703231991734356-tmp-tgz tar:///home/jose/tmp/npm-22178-AcS07N9k/1397318104971-0.9703231991734356/tmp.tgz
16 verbose lock tar:///home/jose/tmp/npm-22178-AcS07N9k/1397318104971-0.9703231991734356/tmp.tgz /home/jose/.npm/a0caf646-04971-0-9703231991734356-tmp-tgz.lock
17 silly lockFile 1f1177db-tar tar://.
18 silly lockFile 1f1177db-tar tar://.
19 silly lockFile a0caf646-04971-0-9703231991734356-tmp-tgz tar:///home/jose/tmp/npm-22178-AcS07N9k/1397318104971-0.9703231991734356/tmp.tgz
20 silly lockFile a0caf646-04971-0-9703231991734356-tmp-tgz tar:///home/jose/tmp/npm-22178-AcS07N9k/1397318104971-0.9703231991734356/tmp.tgz
21 verbose tar unpack /home/jose/tmp/npm-22178-AcS07N9k/1397318104971-0.9703231991734356/tmp.tgz
22 silly lockFile f82c011e-04971-0-9703231991734356-package tar:///home/jose/tmp/npm-22178-AcS07N9k/1397318104971-0.9703231991734356/package
23 verbose lock tar:///home/jose/tmp/npm-22178-AcS07N9k/1397318104971-0.9703231991734356/package /home/jose/.npm/f82c011e-04971-0-9703231991734356-package.lock
24 silly lockFile a0caf646-04971-0-9703231991734356-tmp-tgz tar:///home/jose/tmp/npm-22178-AcS07N9k/1397318104971-0.9703231991734356/tmp.tgz
25 verbose lock tar:///home/jose/tmp/npm-22178-AcS07N9k/1397318104971-0.9703231991734356/tmp.tgz /home/jose/.npm/a0caf646-04971-0-9703231991734356-tmp-tgz.lock
26 silly gunzTarPerm modes [ '755', '644' ]
27 silly gunzTarPerm extractEntry package.json
28 silly gunzTarPerm extractEntry .npmignore
29 silly gunzTarPerm extractEntry README.md
30 silly gunzTarPerm extractEntry index.js
31 silly gunzTarPerm extractEntry .travis.yml
32 silly gunzTarPerm extractEntry ep.json
33 silly gunzTarPerm extractEntry static/js/index.js
34 silly lockFile f82c011e-04971-0-9703231991734356-package tar:///home/jose/tmp/npm-22178-AcS07N9k/1397318104971-0.9703231991734356/package
35 silly lockFile f82c011e-04971-0-9703231991734356-package tar:///home/jose/tmp/npm-22178-AcS07N9k/1397318104971-0.9703231991734356/package
36 silly lockFile a0caf646-04971-0-9703231991734356-tmp-tgz tar:///home/jose/tmp/npm-22178-AcS07N9k/1397318104971-0.9703231991734356/tmp.tgz
37 silly lockFile a0caf646-04971-0-9703231991734356-tmp-tgz tar:///home/jose/tmp/npm-22178-AcS07N9k/1397318104971-0.9703231991734356/tmp.tgz
38 verbose tar pack [ '/home/jose/.npm/ep_hide_referrer/0.0.7/package.tgz',
38 verbose tar pack   '/home/jose/tmp/npm-22178-AcS07N9k/1397318104971-0.9703231991734356/package' ]
39 verbose tarball /home/jose/.npm/ep_hide_referrer/0.0.7/package.tgz
40 verbose folder /home/jose/tmp/npm-22178-AcS07N9k/1397318104971-0.9703231991734356/package
41 silly lockFile f82c011e-04971-0-9703231991734356-package tar:///home/jose/tmp/npm-22178-AcS07N9k/1397318104971-0.9703231991734356/package
42 verbose lock tar:///home/jose/tmp/npm-22178-AcS07N9k/1397318104971-0.9703231991734356/package /home/jose/.npm/f82c011e-04971-0-9703231991734356-package.lock
43 silly lockFile 62237117--hide-referrer-0-0-7-package-tgz tar:///home/jose/.npm/ep_hide_referrer/0.0.7/package.tgz
44 verbose lock tar:///home/jose/.npm/ep_hide_referrer/0.0.7/package.tgz /home/jose/.npm/62237117--hide-referrer-0-0-7-package-tgz.lock
45 silly lockFile f82c011e-04971-0-9703231991734356-package tar:///home/jose/tmp/npm-22178-AcS07N9k/1397318104971-0.9703231991734356/package
46 silly lockFile f82c011e-04971-0-9703231991734356-package tar:///home/jose/tmp/npm-22178-AcS07N9k/1397318104971-0.9703231991734356/package
47 silly lockFile 62237117--hide-referrer-0-0-7-package-tgz tar:///home/jose/.npm/ep_hide_referrer/0.0.7/package.tgz
48 silly lockFile 62237117--hide-referrer-0-0-7-package-tgz tar:///home/jose/.npm/ep_hide_referrer/0.0.7/package.tgz
49 silly lockFile 187d4ccc-m-ep-hide-referrer-0-0-7-package /home/jose/.npm/ep_hide_referrer/0.0.7/package
50 verbose lock /home/jose/.npm/ep_hide_referrer/0.0.7/package /home/jose/.npm/187d4ccc-m-ep-hide-referrer-0-0-7-package.lock
51 silly lockFile 187d4ccc-m-ep-hide-referrer-0-0-7-package /home/jose/.npm/ep_hide_referrer/0.0.7/package
52 silly lockFile 187d4ccc-m-ep-hide-referrer-0-0-7-package /home/jose/.npm/ep_hide_referrer/0.0.7/package
53 verbose tar unpack /home/jose/.npm/ep_hide_referrer/0.0.7/package.tgz
54 silly lockFile 5715451a-m-ep-hide-referrer-0-0-7-package tar:///home/jose/.npm/ep_hide_referrer/0.0.7/package
55 verbose lock tar:///home/jose/.npm/ep_hide_referrer/0.0.7/package /home/jose/.npm/5715451a-m-ep-hide-referrer-0-0-7-package.lock
56 silly lockFile 62237117--hide-referrer-0-0-7-package-tgz tar:///home/jose/.npm/ep_hide_referrer/0.0.7/package.tgz
57 verbose lock tar:///home/jose/.npm/ep_hide_referrer/0.0.7/package.tgz /home/jose/.npm/62237117--hide-referrer-0-0-7-package-tgz.lock
58 silly gunzTarPerm modes [ '755', '644' ]
59 silly gunzTarPerm extractEntry package.json
60 silly gunzTarPerm extractEntry .npmignore
61 silly gunzTarPerm extractEntry README.md
62 silly gunzTarPerm extractEntry index.js
63 silly gunzTarPerm extractEntry .travis.yml
64 silly gunzTarPerm extractEntry ep.json
65 silly gunzTarPerm extractEntry static/js/index.js
66 silly lockFile 5715451a-m-ep-hide-referrer-0-0-7-package tar:///home/jose/.npm/ep_hide_referrer/0.0.7/package
67 silly lockFile 5715451a-m-ep-hide-referrer-0-0-7-package tar:///home/jose/.npm/ep_hide_referrer/0.0.7/package
68 silly lockFile 62237117--hide-referrer-0-0-7-package-tgz tar:///home/jose/.npm/ep_hide_referrer/0.0.7/package.tgz
69 silly lockFile 62237117--hide-referrer-0-0-7-package-tgz tar:///home/jose/.npm/ep_hide_referrer/0.0.7/package.tgz
70 verbose chmod /home/jose/.npm/ep_hide_referrer/0.0.7/package.tgz 644
71 verbose chown /home/jose/.npm/ep_hide_referrer/0.0.7/package.tgz [ 1000, 1000 ]
72 silly lockFile 3a52ce78- .
73 silly lockFile 3a52ce78- .
74 silly publish { name: 'ep_hide_referrer',
74 silly publish   description: 'Don\'t pass the referring URL to third parties.  This handles the security/privacy issue where you don\'t want the third party service to know your pad URL.  Improves Privacy.',
74 silly publish   version: '0.0.7',
74 silly publish   author:
74 silly publish    { name: 'johnyma22',
74 silly publish      email: 'john@mclear.co.uk',
74 silly publish      url: 'John McLear' },
74 silly publish   contributors: [],
74 silly publish   dependencies: {},
74 silly publish   repository:
74 silly publish    { type: 'git',
74 silly publish      url: 'https://github.com/JohnMcLear/ep_hide_referrer.git' },
74 silly publish   engines: { node: '*' },
74 silly publish   readme: 'A patch to solve the [referrer leak issue](https://github.com/ether/etherpad-lite/issues/1603) (for applications where the pad id is should be confidential)\n',
74 silly publish   readmeFilename: 'README.md',
74 silly publish   bugs: { url: 'https://github.com/JohnMcLear/ep_hide_referrer/issues' },
74 silly publish   _id: 'ep_hide_referrer@0.0.7',
74 silly publish   dist: { shasum: 'bafcfa05a83e7eb354581a21b6f20875243f54e2' },
74 silly publish   _from: '.' }
75 verbose url raw ep_hide_referrer
76 verbose url resolving [ 'https://registry.npmjs.org/', './ep_hide_referrer' ]
77 verbose url resolved https://registry.npmjs.org/ep_hide_referrer
78 info trying registry request attempt 1 at 16:55:05
79 http PUT https://registry.npmjs.org/ep_hide_referrer
80 http 403 https://registry.npmjs.org/ep_hide_referrer
81 info trying registry request attempt 1 at 16:55:09
82 http PUT https://registry.npmjs.org/ep_hide_referrer
83 http 201 https://registry.npmjs.org/ep_hide_referrer
84 verbose url raw ep_hide_referrer
85 verbose url resolving [ 'https://registry.npmjs.org/', './ep_hide_referrer' ]
86 verbose url resolved https://registry.npmjs.org/ep_hide_referrer
87 info trying registry request attempt 1 at 16:55:11
88 http GET https://registry.npmjs.org/ep_hide_referrer
89 http 200 https://registry.npmjs.org/ep_hide_referrer
90 error publish fail Cannot publish over existing version.
90 error publish fail Update the 'version' field in package.json and try again.
90 error publish fail
90 error publish fail If the previous version was published in error, see:
90 error publish fail     npm help unpublish
90 error publish fail
90 error publish fail To automatically increment version numbers, see:
90 error publish fail     npm help version
91 error System Linux 3.5.0-18-generic
92 error command "/home/jose/v0.11.7/bin/node" "/home/jose/v0.11.7/bin/npm" "publish"
93 error cwd /home/jose/ep_hide_referrer
94 error node -v v0.11.7
95 error npm -v 1.3.8
96 error code EPUBLISHCONFLICT
97 verbose exit [ 1, true ]
